<?xml version="1.0" encoding="UTF-8"?>
<testng-results skipped="0" failed="0" ignored="0" total="1" passed="1">
  <reporter-output>
  </reporter-output>
  <suite name="Default suite" duration-ms="8860" started-at="2020-11-16T09:47:01 EST" finished-at="2020-11-16T09:47:10 EST">
    <groups>
    </groups>
    <test name="Default test" duration-ms="8860" started-at="2020-11-16T09:47:01 EST" finished-at="2020-11-16T09:47:10 EST">
      <class name="StepDefinitions.Plus500Test">
        <test-method status="PASS" signature="setUp()[pri:0, instance:StepDefinitions.Plus500Test@192d3247]" name="setUp" is-config="true" duration-ms="8162" started-at="2020-11-16T09:47:01 EST" finished-at="2020-11-16T09:47:09 EST">
          <reporter-output>
          </reporter-output>
        </test-method> <!-- setUp -->
        <test-method status="PASS" signature="Testing()[pri:0, instance:StepDefinitions.Plus500Test@192d3247]" name="Testing" duration-ms="9" started-at="2020-11-16T09:47:09 EST" finished-at="2020-11-16T09:47:09 EST">
          <reporter-output>
          </reporter-output>
        </test-method> <!-- Testing -->
        <test-method status="PASS" signature="teardown()[pri:0, instance:StepDefinitions.Plus500Test@192d3247]" name="teardown" is-config="true" duration-ms="660" started-at="2020-11-16T09:47:09 EST" finished-at="2020-11-16T09:47:10 EST">
          <reporter-output>
          </reporter-output>
        </test-method> <!-- teardown -->
      </class> <!-- StepDefinitions.Plus500Test -->
    </test> <!-- Default test -->
  </suite> <!-- Default suite -->
</testng-results>
