<?xml version="1.0" encoding="UTF-8"?>
<testng-results skipped="0" failed="0" ignored="0" total="2" passed="2">
  <reporter-output>
  </reporter-output>
  <suite name="Default suite" duration-ms="52889" started-at="2020-11-10T12:09:37 EST" finished-at="2020-11-10T12:10:30 EST">
    <groups>
    </groups>
    <test name="Default test" duration-ms="52889" started-at="2020-11-10T12:09:37 EST" finished-at="2020-11-10T12:10:30 EST">
      <class name="Test.NCLTest">
        <test-method status="PASS" signature="SetUp()[pri:0, instance:Test.NCLTest@33f88ab]" name="SetUp" is-config="true" duration-ms="20066" started-at="2020-11-10T12:09:37 EST" finished-at="2020-11-10T12:09:57 EST">
          <reporter-output>
          </reporter-output>
        </test-method> <!-- SetUp -->
        <test-method status="PASS" signature="FindCruise()[pri:1, instance:Test.NCLTest@33f88ab]" name="FindCruise" duration-ms="18662" started-at="2020-11-10T12:09:57 EST" finished-at="2020-11-10T12:10:15 EST">
          <reporter-output>
          </reporter-output>
        </test-method> <!-- FindCruise -->
        <test-method status="PASS" signature="CheckPrice()[pri:2, instance:Test.NCLTest@33f88ab]" name="CheckPrice" duration-ms="12515" started-at="2020-11-10T12:10:15 EST" finished-at="2020-11-10T12:10:28 EST">
          <reporter-output>
          </reporter-output>
        </test-method> <!-- CheckPrice -->
        <test-method status="PASS" signature="TearDown()[pri:0, instance:Test.NCLTest@33f88ab]" name="TearDown" is-config="true" duration-ms="1571" started-at="2020-11-10T12:10:28 EST" finished-at="2020-11-10T12:10:30 EST">
          <reporter-output>
          </reporter-output>
        </test-method> <!-- TearDown -->
      </class> <!-- Test.NCLTest -->
    </test> <!-- Default test -->
  </suite> <!-- Default suite -->
</testng-results>
