<?xml version="1.0" encoding="UTF-8"?>
<!-- Generated by org.testng.reporters.JUnitXMLReporter -->
<testsuite hostname="DESKTOP-I13U05B" ignored="0" tests="7" failures="0" timestamp="2020-11-14T23:05:51 EST" time="356.153" errors="0">
  <testcase name="getCapitalfromName" time="20.377" classname="Country"/>
  <testcase name="validate_filter" time="0.161" classname="Country"/>
  <testcase name="getCapitalfromCode" time="281.269" classname="Country"/>
  <testcase name="invalid_Code" time="4.093" classname="Country"/>
  <testcase name="invalid_URI" time="8.74" classname="Country"/>
  <testcase name="validate_ContentType" time="33.956" classname="Country"/>
  <testcase name="invalid_Method" time="5.288" classname="Country"/>
</testsuite>
